#
# There is insufficient memory for the Java Runtime Environment to continue.
# Native memory allocation (malloc) failed to allocate 1048576 bytes for AllocateHeap
# Possible reasons:
#   The system is out of physical RAM or swap space
#   The process is running with CompressedOops enabled, and the Java Heap may be blocking the growth of the native heap
# Possible solutions:
#   Reduce memory load on the system
#   Increase physical memory or swap space
#   Check if swap backing store is full
#   Decrease Java heap size (-Xmx/-Xms)
#   Decrease number of Java threads
#   Decrease Java thread stack sizes (-Xss)
#   Set larger code cache with -XX:ReservedCodeCacheSize=
#   JVM is running with Unscaled Compressed Oops mode in which the Java heap is
#     placed in the first 4GB address space. The Java Heap base address is the
#     maximum limit for the native heap growth. Please use -XX:HeapBaseMinAddress
#     to set the Java Heap base and to place the Java Heap above 4GB virtual address.
# This output file may be truncated or incomplete.
#
#  Out of Memory Error (memory/allocation.inline.hpp:61), pid=15764, tid=0x0000000000002620
#
# JRE version:  (8.0_281-b09) (build )
# Java VM: Java HotSpot(TM) 64-Bit Server VM (25.281-b09 mixed mode windows-amd64 compressed oops)
# Failed to write core dump. Minidumps are not enabled by default on client versions of Windows
#

---------------  T H R E A D  ---------------

Current thread (0x000001a1400bf800):  JavaThread "Unknown thread" [_thread_in_vm, id=9760, stack(0x000000361be00000,0x000000361bf00000)]

Stack: [0x000000361be00000,0x000000361bf00000]
Native frames: (J=compiled Java code, j=interpreted, Vv=VM code, C=native code)
V  [jvm.dll+0x32e5b9]
V  [jvm.dll+0x275012]
V  [jvm.dll+0x275cbd]
V  [jvm.dll+0x26c6f5]
V  [jvm.dll+0x509d]
V  [jvm.dll+0x3c96ec]
V  [jvm.dll+0x3c5a67]
V  [jvm.dll+0xfcaaf]
V  [jvm.dll+0x209a1b]
V  [jvm.dll+0x2383d7]
V  [jvm.dll+0x162566]
C  [javaw.exe+0x2322]
C  [javaw.exe+0x16544]
C  [KERNEL32.DLL+0x17034]
C  [ntdll.dll+0x52651]


---------------  P R O C E S S  ---------------

Java Threads: ( => current thread )

Other Threads:

=>0x000001a1400bf800 (exited) JavaThread "Unknown thread" [_thread_in_vm, id=9760, stack(0x000000361be00000,0x000000361bf00000)]

VM state:not at safepoint (normal execution)

VM Mutex/Monitor currently owned by a thread: None

heap address: 0x0000000081200000, size: 2030 MB, Compressed Oops mode: 32-bit
Narrow klass base: 0x0000000000000000, Narrow klass shift: 3
Compressed class space size: 1073741824 Address: 0x0000000100000000

Heap:
 PSYoungGen      total 38400K, used 665K [0x00000000d5b80000, 0x00000000d8600000, 0x0000000100000000)
  eden space 33280K, 2% used [0x00000000d5b80000,0x00000000d5c26670,0x00000000d7c00000)
  from space 5120K, 0% used [0x00000000d8100000,0x00000000d8100000,0x00000000d8600000)
  to   space 5120K, 0% used [0x00000000d7c00000,0x00000000d7c00000,0x00000000d8100000)
 ParOldGen       total 87552K, used 0K [0x0000000081200000, 0x0000000086780000, 0x00000000d5b80000)
  object space 87552K, 0% used [0x0000000081200000,0x0000000081200000,0x0000000086780000)
 Metaspace       used 755K, capacity 1092K, committed 1152K, reserved 1060864K
  class space    used 76K, capacity 384K, committed 384K, reserved 1048576K

Card table byte_map: [0x000001a150f10000,0x000001a151310000] byte_map_base: 0x000001a150b07000

Marking Bits: (ParMarkBitMap*) 0x0000000067c46ff0
 Begin Bits: [0x000001a1515c0000, 0x000001a153578000)
 End Bits:   [0x000001a153578000, 0x000001a155530000)

Polling page: 0x000001a1402c0000

CodeCache: size=245760Kb used=328Kb max_used=328Kb free=245431Kb
 bounds [0x000001a141b50000, 0x000001a141dc0000, 0x000001a150b50000]
 total_blobs=58 nmethods=0 adapters=38
 compilation: enabled

Compilation events (0 events):
No events

GC Heap History (0 events):
No events

Deoptimization events (0 events):
No events

Classes redefined (0 events):
No events

Internal exceptions (0 events):
No events

Events (10 events):
Event: 0.027 loading class java/lang/Short
Event: 0.027 loading class java/lang/Short done
Event: 0.027 loading class java/lang/Integer
Event: 0.028 loading class java/lang/Integer done
Event: 0.028 loading class java/lang/Long
Event: 0.028 loading class java/lang/Long done
Event: 0.029 loading class java/lang/NullPointerException
Event: 0.029 loading class java/lang/NullPointerException done
Event: 0.029 loading class java/lang/ArithmeticException
Event: 0.029 loading class java/lang/ArithmeticException done


Dynamic libraries:
0x00007ff734a10000 - 0x00007ff734a57000 	C:\Program Files\Java\jre1.8.0_281\bin\javaw.exe
0x00007ffd7bbf0000 - 0x00007ffd7bde5000 	C:\WINDOWS\SYSTEM32\ntdll.dll
0x00007ffd7b960000 - 0x00007ffd7ba1d000 	C:\WINDOWS\System32\KERNEL32.DLL
0x00007ffd79670000 - 0x00007ffd79938000 	C:\WINDOWS\System32\KERNELBASE.dll
0x00007ffd7ba20000 - 0x00007ffd7bacc000 	C:\WINDOWS\System32\ADVAPI32.dll
0x00007ffd7b800000 - 0x00007ffd7b89e000 	C:\WINDOWS\System32\msvcrt.dll
0x00007ffd7aaa0000 - 0x00007ffd7ab3b000 	C:\WINDOWS\System32\sechost.dll
0x00007ffd79d80000 - 0x00007ffd79eab000 	C:\WINDOWS\System32\RPCRT4.dll
0x00007ffd7adf0000 - 0x00007ffd7af90000 	C:\WINDOWS\System32\USER32.dll
0x00007ffd79bc0000 - 0x00007ffd79be2000 	C:\WINDOWS\System32\win32u.dll
0x00007ffd7bb80000 - 0x00007ffd7bbaa000 	C:\WINDOWS\System32\GDI32.dll
0x00007ffd79330000 - 0x00007ffd7943b000 	C:\WINDOWS\System32\gdi32full.dll
0x00007ffd79aa0000 - 0x00007ffd79b3d000 	C:\WINDOWS\System32\msvcp_win.dll
0x00007ffd79570000 - 0x00007ffd79670000 	C:\WINDOWS\System32\ucrtbase.dll
0x00007ffd636a0000 - 0x00007ffd6393a000 	C:\WINDOWS\WinSxS\amd64_microsoft.windows.common-controls_6595b64144ccf1df_6.0.19041.844_none_ca00b6081b84eb1d\COMCTL32.dll
0x00007ffd7b920000 - 0x00007ffd7b950000 	C:\WINDOWS\System32\IMM32.DLL
0x00007ffd6fbe0000 - 0x00007ffd6fbf5000 	C:\Program Files\Java\jre1.8.0_281\bin\vcruntime140.dll
0x00007ffd56750000 - 0x00007ffd567eb000 	C:\Program Files\Java\jre1.8.0_281\bin\msvcp140.dll
0x0000000067460000 - 0x0000000067cbf000 	C:\Program Files\Java\jre1.8.0_281\bin\server\jvm.dll
0x00007ffd7b950000 - 0x00007ffd7b958000 	C:\WINDOWS\System32\PSAPI.DLL
0x00007ffd64bb0000 - 0x00007ffd64bb9000 	C:\WINDOWS\SYSTEM32\WSOCK32.dll
0x00007ffd7aca0000 - 0x00007ffd7ad0b000 	C:\WINDOWS\System32\WS2_32.dll
0x00007ffd70b10000 - 0x00007ffd70b37000 	C:\WINDOWS\SYSTEM32\WINMM.dll
0x00007ffd73370000 - 0x00007ffd7337a000 	C:\WINDOWS\SYSTEM32\VERSION.dll
0x00007ffd772a0000 - 0x00007ffd772b2000 	C:\WINDOWS\SYSTEM32\kernel.appcore.dll
0x00007ffd76c80000 - 0x00007ffd76c90000 	C:\Program Files\Java\jre1.8.0_281\bin\verify.dll
0x00007ffd5ead0000 - 0x00007ffd5eafb000 	C:\Program Files\Java\jre1.8.0_281\bin\java.dll
0x00007ffd70110000 - 0x00007ffd70128000 	C:\Program Files\Java\jre1.8.0_281\bin\zip.dll
0x00007ffd643e0000 - 0x00007ffd645c4000 	C:\WINDOWS\SYSTEM32\dbghelp.dll
0x00007ffd79b40000 - 0x00007ffd79bc0000 	C:\WINDOWS\System32\bcryptPrimitives.dll

VM Arguments:
jvm_args: -Dfile.encoding=UTF-8 
java_command: frame.SelectFrame
java_class_path (initial): C:\Program Files\Java\jre1.8.0_281\lib\resources.jar;C:\Program Files\Java\jre1.8.0_281\lib\rt.jar;C:\Program Files\Java\jre1.8.0_281\lib\jsse.jar;C:\Program Files\Java\jre1.8.0_281\lib\jce.jar;C:\Program Files\Java\jre1.8.0_281\lib\charsets.jar;C:\Program Files\Java\jre1.8.0_281\lib\jfr.jar;C:\Program Files\Java\jre1.8.0_281\lib\ext\access-bridge-64.jar;C:\Program Files\Java\jre1.8.0_281\lib\ext\cldrdata.jar;C:\Program Files\Java\jre1.8.0_281\lib\ext\dnsns.jar;C:\Program Files\Java\jre1.8.0_281\lib\ext\jaccess.jar;C:\Program Files\Java\jre1.8.0_281\lib\ext\jfxrt.jar;C:\Program Files\Java\jre1.8.0_281\lib\ext\localedata.jar;C:\Program Files\Java\jre1.8.0_281\lib\ext\nashorn.jar;C:\Program Files\Java\jre1.8.0_281\lib\ext\sunec.jar;C:\Program Files\Java\jre1.8.0_281\lib\ext\sunjce_provider.jar;C:\Program Files\Java\jre1.8.0_281\lib\ext\sunmscapi.jar;C:\Program Files\Java\jre1.8.0_281\lib\ext\sunpkcs11.jar;C:\Program Files\Java\jre1.8.0_281\lib\ext\zipfs.jar;C:\Users\KH302\UI_Swing\UI_Swing\bin;C:\oraclexe\app\oracle\product\11.2.0\server\jdbc\lib\ojdbc6.jar
Launcher Type: SUN_STANDARD

Environment Variables:
JAVA_HOME="C:\Program Files\Java\jdk1.8.0_281"
PATH=C:/Program Files/Java/jre1.8.0_281/bin/server;C:/Program Files/Java/jre1.8.0_281/bin;C:/Program Files/Java/jre1.8.0_281/lib/amd64;C:\oraclexe\app\oracle\product\11.2.0\server\bin;C:\Program Files (x86)\Common Files\Oracle\Java\javapath;C:\WINDOWS\system32;C:\WINDOWS;C:\WINDOWS\System32\Wbem;C:\WINDOWS\System32\WindowsPowerShell\v1.0\;C:\WINDOWS\System32\OpenSSH\;"C:\Program Files\Java\jdk1.8.0_281"\bin;C:\Program Files\Git\cmd;C:\Users\KH302\AppData\Local\Microsoft\WindowsApps;C:\Program Files\Bandizip\;;C:\Users\KH302\Downloads\eclipse-jee-photon-R-win32-x86_64\eclipse;
USERNAME=KH302
OS=Windows_NT
PROCESSOR_IDENTIFIER=Intel64 Family 6 Model 94 Stepping 3, GenuineIntel



---------------  S Y S T E M  ---------------

OS: Windows 10.0 , 64 bit Build 19041 (10.0.19041.928)

CPU:total 4 (initial active 4) (2 cores per cpu, 2 threads per core) family 6 model 94 stepping 3, cmov, cx8, fxsr, mmx, sse, sse2, sse3, ssse3, sse4.1, sse4.2, popcnt, avx, avx2, aes, clmul, erms, 3dnowpref, lzcnt, ht, tsc, tscinvbit, bmi1, bmi2, adx

Memory: 4k page, physical 8308852k(682004k free), swap 22873968k(3848k free)

vm_info: Java HotSpot(TM) 64-Bit Server VM (25.281-b09) for windows-amd64 JRE (1.8.0_281-b09), built on Dec  9 2020 13:54:07 by "" with MS VC++ 15.9 (VS2017)

time: Mon Jun  7 14:04:28 2021
timezone: 대한민국 표준시
elapsed time: 0.065091 seconds (0d 0h 0m 0s)

